{"C:\\Users\\goku_\\OneDrive\\Documentos\\GitHub\\tmp-BCDIC22-RN-juego-boliche-js-team5\\src\\main.js": {"path":"C:\\Users\\goku_\\OneDrive\\Documentos\\GitHub\\tmp-BCDIC22-RN-juego-boliche-js-team5\\src\\main.js","statementMap":{"0":{"start":{"line":1,"column":20},"end":{"line":22,"column":1}},"1":{"start":{"line":2,"column":14},"end":{"line":2,"column":15}},"2":{"start":{"line":3,"column":19},"end":{"line":3,"column":20}},"3":{"start":{"line":4,"column":2},"end":{"line":19,"column":3}},"4":{"start":{"line":4,"column":19},"end":{"line":4,"column":20}},"5":{"start":{"line":5,"column":22},"end":{"line":5,"column":39}},"6":{"start":{"line":6,"column":4},"end":{"line":18,"column":5}},"7":{"start":{"line":8,"column":6},"end":{"line":8,"column":65}},"8":{"start":{"line":9,"column":6},"end":{"line":9,"column":18}},"9":{"start":{"line":11,"column":25},"end":{"line":11,"column":46}},"10":{"start":{"line":12,"column":6},"end":{"line":12,"column":37}},"11":{"start":{"line":13,"column":6},"end":{"line":16,"column":7}},"12":{"start":{"line":15,"column":8},"end":{"line":15,"column":38}},"13":{"start":{"line":17,"column":6},"end":{"line":17,"column":33}},"14":{"start":{"line":21,"column":2},"end":{"line":21,"column":14}},"15":{"start":{"line":24,"column":0},"end":{"line":26,"column":1}}},"fnMap":{"0":{"name":"(anonymous_0)","decl":{"start":{"line":1,"column":20},"end":{"line":1,"column":21}},"loc":{"start":{"line":1,"column":31},"end":{"line":22,"column":1}},"line":1}},"branchMap":{"0":{"loc":{"start":{"line":6,"column":4},"end":{"line":18,"column":5}},"type":"if","locations":[{"start":{"line":6,"column":4},"end":{"line":18,"column":5}},{"start":{"line":10,"column":11},"end":{"line":18,"column":5}}],"line":6},"1":{"loc":{"start":{"line":13,"column":6},"end":{"line":16,"column":7}},"type":"if","locations":[{"start":{"line":13,"column":6},"end":{"line":16,"column":7}},{"start":{},"end":{}}],"line":13}},"s":{"0":1,"1":7,"2":7,"3":7,"4":7,"5":70,"6":70,"7":12,"8":12,"9":58,"10":58,"11":58,"12":2,"13":58,"14":7,"15":1},"f":{"0":7},"b":{"0":[12,58],"1":[2,56]},"_coverageSchema":"1a1c01bbd47fc00a2c39e90264f33305004495a9","hash":"6d8b4d218ebdc90e3d5af657813b61217e013d74"}
}
